<?xml version="1.0" encoding="UTF-8"?>
<!-- Generated by org.testng.reporters.JUnitXMLReporter -->
<testsuite ignored="2" hostname="Delson-Roy" failures="0" tests="2" name="Test" time="15.676" errors="0" timestamp="2024-04-04T11:14:40 GMT-04:00">
  <testcase classname="script.InvalidLogin" name="testInvalidLogin" time="2.779"/>
  <testcase classname="script.ValidLogin" name="testValidLogin" time="2.196"/>
  <testcase classname="generic.BaseTest" name="@BeforeSuite intReport" time="0.0">
    <ignored/>
  </testcase> <!-- @BeforeSuite intReport -->
  <testcase classname="generic.BaseTest" name="@AfterSuite generateReport" time="0.0">
    <ignored/>
  </testcase> <!-- @AfterSuite generateReport -->
</testsuite> <!-- Test -->
