<?xml version="1.0" encoding="UTF-8"?>
<testng-results ignored="2" total="4" passed="2" failed="0" skipped="0">
  <reporter-output>
    <line>
      <![CDATA[This is Before method...]]>
    </line>
    <line>
      <![CDATA[This is Before method...]]>
    </line>
  </reporter-output>
  <suite started-at="2024-04-04T11:14:25 GMT-04:00" name="Suite" finished-at="2024-04-04T11:14:40 GMT-04:00" duration-ms="15676">
    <groups>
    </groups>
    <test started-at="2024-04-04T11:14:25 GMT-04:00" name="Test" finished-at="2024-04-04T11:14:40 GMT-04:00" duration-ms="15676">
      <class name="script.InvalidLogin">
        <test-method is-config="true" signature="intReport()[pri:0, instance:script.InvalidLogin@72e5a8e]" started-at="2024-04-04T11:14:24 GMT-04:00" name="intReport" finished-at="2024-04-04T11:14:25 GMT-04:00" duration-ms="352" status="PASS">
          <reporter-output>
          </reporter-output>
        </test-method> <!-- intReport -->
        <test-method is-config="true" signature="preCondition(java.lang.String,java.lang.String,java.lang.String,java.lang.String,java.lang.String,java.lang.String,java.lang.reflect.Method)[pri:0, instance:script.InvalidLogin@72e5a8e]" started-at="2024-04-04T11:14:25 GMT-04:00" name="preCondition" finished-at="2024-04-04T11:14:31 GMT-04:00" duration-ms="6934" status="PASS">
          <params>
            <param index="0">
              <value>
                <![CDATA[no]]>
              </value>
            </param>
            <param index="1">
              <value>
                <![CDATA[https://192.168.111.1]]>
              </value>
            </param>
            <param index="2">
              <value>
                <![CDATA[chrome]]>
              </value>
            </param>
            <param index="3">
              <value>
                <![CDATA[https://opensource-demo.orangehrmlive.com/]]>
              </value>
            </param>
            <param index="4">
              <value>
                <![CDATA[10]]>
              </value>
            </param>
            <param index="5">
              <value>
                <![CDATA[9]]>
              </value>
            </param>
            <param index="6">
              <value>
                <![CDATA[public void script.InvalidLogin.testInvalidLogin()]]>
              </value>
            </param>
          </params>
          <reporter-output>
            <line>
              <![CDATA[This is Before method...]]>
            </line>
          </reporter-output>
        </test-method> <!-- preCondition -->
        <test-method signature="testInvalidLogin()[pri:2, instance:script.InvalidLogin@72e5a8e]" started-at="2024-04-04T11:14:31 GMT-04:00" name="testInvalidLogin" finished-at="2024-04-04T11:14:34 GMT-04:00" duration-ms="2779" status="PASS">
          <reporter-output>
          </reporter-output>
        </test-method> <!-- testInvalidLogin -->
        <test-method is-config="true" signature="postCondition(org.testng.ITestResult)[pri:0, instance:script.InvalidLogin@72e5a8e]" started-at="2024-04-04T11:14:34 GMT-04:00" name="postCondition" finished-at="2024-04-04T11:14:34 GMT-04:00" duration-ms="231" status="PASS">
          <params>
            <param index="0">
              <value>
                <![CDATA[[TestResult name=testInvalidLogin status=SUCCESS method=InvalidLogin.testInvalidLogin()[pri:2, instance:script.InvalidLogin@72e5a8e] output={null}]]]>
              </value>
            </param>
          </params>
          <reporter-output>
          </reporter-output>
        </test-method> <!-- postCondition -->
        <test-method is-config="true" signature="generateReport()[pri:0, instance:script.InvalidLogin@72e5a8e]" started-at="2024-04-04T11:14:40 GMT-04:00" name="generateReport" finished-at="2024-04-04T11:14:41 GMT-04:00" duration-ms="384" status="PASS">
          <reporter-output>
          </reporter-output>
        </test-method> <!-- generateReport -->
      </class> <!-- script.InvalidLogin -->
      <class name="script.ValidLogin">
        <test-method is-config="true" signature="preCondition(java.lang.String,java.lang.String,java.lang.String,java.lang.String,java.lang.String,java.lang.String,java.lang.reflect.Method)[pri:0, instance:script.ValidLogin@771a660]" started-at="2024-04-04T11:14:34 GMT-04:00" name="preCondition" finished-at="2024-04-04T11:14:38 GMT-04:00" duration-ms="3354" status="PASS">
          <params>
            <param index="0">
              <value>
                <![CDATA[no]]>
              </value>
            </param>
            <param index="1">
              <value>
                <![CDATA[https://192.168.111.1]]>
              </value>
            </param>
            <param index="2">
              <value>
                <![CDATA[chrome]]>
              </value>
            </param>
            <param index="3">
              <value>
                <![CDATA[https://opensource-demo.orangehrmlive.com/]]>
              </value>
            </param>
            <param index="4">
              <value>
                <![CDATA[10]]>
              </value>
            </param>
            <param index="5">
              <value>
                <![CDATA[9]]>
              </value>
            </param>
            <param index="6">
              <value>
                <![CDATA[public void script.ValidLogin.testValidLogin()]]>
              </value>
            </param>
          </params>
          <reporter-output>
            <line>
              <![CDATA[This is Before method...]]>
            </line>
          </reporter-output>
        </test-method> <!-- preCondition -->
        <test-method signature="testValidLogin()[pri:1, instance:script.ValidLogin@771a660]" started-at="2024-04-04T11:14:38 GMT-04:00" name="testValidLogin" finished-at="2024-04-04T11:14:40 GMT-04:00" duration-ms="2196" status="PASS">
          <reporter-output>
          </reporter-output>
        </test-method> <!-- testValidLogin -->
        <test-method is-config="true" signature="postCondition(org.testng.ITestResult)[pri:0, instance:script.ValidLogin@771a660]" started-at="2024-04-04T11:14:40 GMT-04:00" name="postCondition" finished-at="2024-04-04T11:14:40 GMT-04:00" duration-ms="147" status="PASS">
          <params>
            <param index="0">
              <value>
                <![CDATA[[TestResult name=testValidLogin status=SUCCESS method=ValidLogin.testValidLogin()[pri:1, instance:script.ValidLogin@771a660] output={null}]]]>
              </value>
            </param>
          </params>
          <reporter-output>
          </reporter-output>
        </test-method> <!-- postCondition -->
      </class> <!-- script.ValidLogin -->
    </test> <!-- Test -->
  </suite> <!-- Suite -->
</testng-results>
