<?xml version="1.0" encoding="UTF-8"?>
<testng-results ignored="3" total="4" passed="1" failed="0" skipped="0">
  <reporter-output>
  </reporter-output>
  <suite started-at="2024-05-01T21:30:27 GMT-04:00" name="Suite" finished-at="2024-05-01T21:30:39 GMT-04:00" duration-ms="11928">
    <groups>
    </groups>
    <test started-at="2024-05-01T21:30:27 GMT-04:00" name="Test" finished-at="2024-05-01T21:30:39 GMT-04:00" duration-ms="11928">
      <class name="script.InvalidLogin">
        <test-method is-config="true" signature="intReport(java.lang.String)[pri:0, instance:script.InvalidLogin@783a467b]" started-at="2024-05-01T21:30:27 GMT-04:00" name="intReport" finished-at="2024-05-01T21:30:27 GMT-04:00" duration-ms="276" status="PASS">
          <params>
            <param index="0">
              <value>
                <![CDATA[report/Spark.html]]>
              </value>
            </param>
          </params>
          <reporter-output>
          </reporter-output>
        </test-method> <!-- intReport -->
        <test-method is-config="true" signature="generateReport()[pri:0, instance:script.InvalidLogin@783a467b]" started-at="2024-05-01T21:30:39 GMT-04:00" name="generateReport" finished-at="2024-05-01T21:30:40 GMT-04:00" duration-ms="377" status="PASS">
          <reporter-output>
          </reporter-output>
        </test-method> <!-- generateReport -->
      </class> <!-- script.InvalidLogin -->
      <class name="script.ValidLogin">
        <test-method is-config="true" signature="preCondition(java.lang.String,java.lang.String,java.lang.String,java.lang.String,java.lang.reflect.Method)[pri:0, instance:script.ValidLogin@1ed6388a]" started-at="2024-05-01T21:30:27 GMT-04:00" name="preCondition" finished-at="2024-05-01T21:30:36 GMT-04:00" duration-ms="8559" status="PASS">
          <params>
            <param index="0">
              <value>
                <![CDATA[no]]>
              </value>
            </param>
            <param index="1">
              <value>
                <![CDATA[${gridURL}]]>
              </value>
            </param>
            <param index="2">
              <value>
                <![CDATA[https://opensource-demo.orangehrmlive.com]]>
              </value>
            </param>
            <param index="3">
              <value>
                <![CDATA[prod.properties]]>
              </value>
            </param>
            <param index="4">
              <value>
                <![CDATA[public void script.ValidLogin.testValidLogin()]]>
              </value>
            </param>
          </params>
          <reporter-output>
          </reporter-output>
        </test-method> <!-- preCondition -->
        <test-method signature="testValidLogin()[pri:1, instance:script.ValidLogin@1ed6388a]" started-at="2024-05-01T21:30:36 GMT-04:00" name="testValidLogin" finished-at="2024-05-01T21:30:38 GMT-04:00" duration-ms="1726" status="PASS">
          <reporter-output>
          </reporter-output>
        </test-method> <!-- testValidLogin -->
        <test-method is-config="true" signature="postCondition(org.testng.ITestResult)[pri:0, instance:script.ValidLogin@1ed6388a]" started-at="2024-05-01T21:30:38 GMT-04:00" name="postCondition" finished-at="2024-05-01T21:30:39 GMT-04:00" duration-ms="1603" status="PASS">
          <params>
            <param index="0">
              <value>
                <![CDATA[[TestResult name=testValidLogin status=SUCCESS method=ValidLogin.testValidLogin()[pri:1, instance:script.ValidLogin@1ed6388a] output={null}]]]>
              </value>
            </param>
          </params>
          <reporter-output>
          </reporter-output>
        </test-method> <!-- postCondition -->
      </class> <!-- script.ValidLogin -->
    </test> <!-- Test -->
  </suite> <!-- Suite -->
</testng-results>
