<?xml version="1.0" encoding="UTF-8"?>
<testng-results ignored="0" total="1" passed="1" failed="0" skipped="0">
  <reporter-output>
  </reporter-output>
  <suite started-at="2024-05-01T21:23:11 GMT-04:00" name="Default suite" finished-at="2024-05-01T21:23:18 GMT-04:00" duration-ms="6762">
    <groups>
    </groups>
    <test started-at="2024-05-01T21:23:11 GMT-04:00" name="Default test" finished-at="2024-05-01T21:23:18 GMT-04:00" duration-ms="6762">
      <class name="script.ValidLogin">
        <test-method is-config="true" signature="intReport(java.lang.String)[pri:0, instance:script.ValidLogin@1e6a3214]" started-at="2024-05-01T21:23:11 GMT-04:00" name="intReport" finished-at="2024-05-01T21:23:11 GMT-04:00" duration-ms="273" status="PASS">
          <params>
            <param index="0">
              <value>
                <![CDATA[report/Spark.html]]>
              </value>
            </param>
          </params>
          <reporter-output>
          </reporter-output>
        </test-method> <!-- intReport -->
        <test-method is-config="true" signature="preCondition(java.lang.String,java.lang.String,java.lang.String,java.lang.String,java.lang.reflect.Method)[pri:0, instance:script.ValidLogin@1e6a3214]" started-at="2024-05-01T21:23:11 GMT-04:00" name="preCondition" finished-at="2024-05-01T21:23:16 GMT-04:00" duration-ms="5131" status="PASS">
          <params>
            <param index="0">
              <value>
                <![CDATA[no]]>
              </value>
            </param>
            <param index="1">
              <value>
                <![CDATA[https://192.168.111.1]]>
              </value>
            </param>
            <param index="2">
              <value>
                <![CDATA[https://opensource-demo.orangehrmlive.com]]>
              </value>
            </param>
            <param index="3">
              <value>
                <![CDATA[qa.properties]]>
              </value>
            </param>
            <param index="4">
              <value>
                <![CDATA[public void script.ValidLogin.testValidLogin()]]>
              </value>
            </param>
          </params>
          <reporter-output>
          </reporter-output>
        </test-method> <!-- preCondition -->
        <test-method signature="testValidLogin()[pri:1, instance:script.ValidLogin@1e6a3214]" started-at="2024-05-01T21:23:16 GMT-04:00" name="testValidLogin" finished-at="2024-05-01T21:23:17 GMT-04:00" duration-ms="1343" status="PASS">
          <reporter-output>
          </reporter-output>
        </test-method> <!-- testValidLogin -->
        <test-method is-config="true" signature="postCondition(org.testng.ITestResult)[pri:0, instance:script.ValidLogin@1e6a3214]" started-at="2024-05-01T21:23:17 GMT-04:00" name="postCondition" finished-at="2024-05-01T21:23:18 GMT-04:00" duration-ms="261" status="PASS">
          <params>
            <param index="0">
              <value>
                <![CDATA[[TestResult name=testValidLogin status=SUCCESS method=ValidLogin.testValidLogin()[pri:1, instance:script.ValidLogin@1e6a3214] output={null}]]]>
              </value>
            </param>
          </params>
          <reporter-output>
          </reporter-output>
        </test-method> <!-- postCondition -->
        <test-method is-config="true" signature="generateReport()[pri:0, instance:script.ValidLogin@1e6a3214]" started-at="2024-05-01T21:23:18 GMT-04:00" name="generateReport" finished-at="2024-05-01T21:23:18 GMT-04:00" duration-ms="507" status="PASS">
          <reporter-output>
          </reporter-output>
        </test-method> <!-- generateReport -->
      </class> <!-- script.ValidLogin -->
    </test> <!-- Default test -->
  </suite> <!-- Default suite -->
</testng-results>
